# JRE version: OpenJDK Runtime Environment Temurin-21.0.8+9 (21.0.8+9) (build 21.0.8+9-LTS)
# Java VM: OpenJDK 64-Bit Server VM Temurin-21.0.8+9 (21.0.8+9-LTS, mixed mode, tiered, compressed oops, compressed class ptrs, g1 gc, windows-amd64)
GC Precious Log:
 CardTable entry size: 512
 Card Set container configuration: InlinePtr #cards 5 size 8 Array Of Cards #cards 12 size 40 Howl #buckets 4 coarsen threshold 1843 Howl Bitmap #cards 512 size 80 coarsen threshold 460 Card regions per heap region 1 cards per card region 2048
 CPUs: 8 total, 8 available
 Memory: 7875M
 Large Page Support: Disabled
 NUMA Support: Disabled
 Compressed Oops: Enabled (32-bit)
 Heap Region Size: 1M
 Heap Min Capacity: 64M
 Heap Initial Capacity: 64M
 Heap Max Capacity: 2G
 Pre-touch: Disabled
 Parallel Workers: 8
 Concurrent Workers: 2
 Concurrent Refinement Workers: 8
 Periodic GC: Disabled
Heap:
 garbage-first heap   total 301056K, used 228141K [0x0000000080000000, 0x0000000100000000)
  region size 1024K, 126 young (129024K), 13 survivors (13312K)
 Metaspace       used 24209K, committed 24512K, reserved 1114112K
  class space    used 2340K, committed 2496K, reserved 1048576K
GC Heap History (20 events):
Event: 10.207 GC heap after
{Heap after GC invocations=9 (full 0):
 garbage-first heap   total 79872K, used 38090K [0x0000000080000000, 0x0000000100000000)
  region size 1024K, 5 young (5120K), 5 survivors (5120K)
 Metaspace       used 23561K, committed 23808K, reserved 1114112K
  class space    used 2280K, committed 2368K, reserved 1048576K
}
Event: 10.709 GC heap before
{Heap before GC invocations=9 (full 0):
 garbage-first heap   total 79872K, used 65738K [0x0000000080000000, 0x0000000100000000)
  region size 1024K, 32 young (32768K), 5 survivors (5120K)
 Metaspace       used 23570K, committed 23808K, reserved 1114112K
  class space    used 2282K, committed 2368K, reserved 1048576K
}
Event: 10.736 GC heap after
{Heap after GC invocations=10 (full 0):
 garbage-first heap   total 79872K, used 41267K [0x0000000080000000, 0x0000000100000000)
  region size 1024K, 4 young (4096K), 4 survivors (4096K)
 Metaspace       used 23570K, committed 23808K, reserved 1114112K
  class space    used 2282K, committed 2368K, reserved 1048576K
}
Event: 11.483 GC heap before
{Heap before GC invocations=10 (full 0):
 garbage-first heap   total 79872K, used 67891K [0x0000000080000000, 0x0000000100000000)
  region size 1024K, 30 young (30720K), 4 survivors (4096K)
 Metaspace       used 23666K, committed 23872K, reserved 1114112K
  class space    used 2293K, committed 2368K, reserved 1048576K
}
Event: 11.505 GC heap after
{Heap after GC invocations=11 (full 0):
 garbage-first heap   total 106496K, used 44870K [0x0000000080000000, 0x0000000100000000)
  region size 1024K, 4 young (4096K), 4 survivors (4096K)
 Metaspace       used 23666K, committed 23872K, reserved 1114112K
  class space    used 2293K, committed 2368K, reserved 1048576K
}
Event: 12.242 GC heap before
{Heap before GC invocations=12 (full 0):
 garbage-first heap   total 106496K, used 90950K [0x0000000080000000, 0x0000000100000000)
  region size 1024K, 48 young (49152K), 4 survivors (4096K)
 Metaspace       used 24014K, committed 24256K, reserved 1114112K
  class space    used 2325K, committed 2432K, reserved 1048576K
}
Event: 12.287 GC heap after
{Heap after GC invocations=13 (full 0):
 garbage-first heap   total 106496K, used 55875K [0x0000000080000000, 0x0000000100000000)
  region size 1024K, 6 young (6144K), 6 survivors (6144K)
 Metaspace       used 24014K, committed 24256K, reserved 1114112K
  class space    used 2325K, committed 2432K, reserved 1048576K
}
Event: 12.490 GC heap before
{Heap before GC invocations=13 (full 0):
 garbage-first heap   total 106496K, used 91715K [0x0000000080000000, 0x0000000100000000)
  region size 1024K, 39 young (39936K), 6 survivors (6144K)
 Metaspace       used 24109K, committed 24384K, reserved 1114112K
  class space    used 2337K, committed 2496K, reserved 1048576K
}
Event: 12.538 GC heap after
{Heap after GC invocations=14 (full 0):
 garbage-first heap   total 107520K, used 66560K [0x0000000080000000, 0x0000000100000000)
  region size 1024K, 5 young (5120K), 5 survivors (5120K)
 Metaspace       used 24109K, committed 24384K, reserved 1114112K
  class space    used 2337K, committed 2496K, reserved 1048576K
}
Event: 12.672 GC heap before
{Heap before GC invocations=14 (full 0):
 garbage-first heap   total 107520K, used 93184K [0x0000000080000000, 0x0000000100000000)
  region size 1024K, 31 young (31744K), 5 survivors (5120K)
 Metaspace       used 24121K, committed 24384K, reserved 1114112K
  class space    used 2337K, committed 2496K, reserved 1048576K
}
Event: 12.718 GC heap after
{Heap after GC invocations=15 (full 0):
 garbage-first heap   total 107520K, used 73728K [0x0000000080000000, 0x0000000100000000)
  region size 1024K, 4 young (4096K), 4 survivors (4096K)
 Metaspace       used 24121K, committed 24384K, reserved 1114112K
  class space    used 2337K, committed 2496K, reserved 1048576K
}
Event: 12.889 GC heap before
{Heap before GC invocations=16 (full 0):
 garbage-first heap   total 121856K, used 93184K [0x0000000080000000, 0x0000000100000000)
  region size 1024K, 24 young (24576K), 4 survivors (4096K)
 Metaspace       used 24121K, committed 24384K, reserved 1114112K
  class space    used 2337K, committed 2496K, reserved 1048576K
}
Event: 12.928 GC heap after
{Heap after GC invocations=17 (full 0):
 garbage-first heap   total 121856K, used 77824K [0x0000000080000000, 0x0000000100000000)
  region size 1024K, 3 young (3072K), 3 survivors (3072K)
 Metaspace       used 24121K, committed 24384K, reserved 1114112K
  class space    used 2337K, committed 2496K, reserved 1048576K
}
Event: 13.123 GC heap before
{Heap before GC invocations=17 (full 0):
 garbage-first heap   total 121856K, used 108544K [0x0000000080000000, 0x0000000100000000)
  region size 1024K, 30 young (30720K), 3 survivors (3072K)
 Metaspace       used 24141K, committed 24384K, reserved 1114112K
  class space    used 2339K, committed 2496K, reserved 1048576K
}
Event: 13.173 GC heap after
{Heap after GC invocations=18 (full 0):
 garbage-first heap   total 121856K, used 87552K [0x0000000080000000, 0x0000000100000000)
  region size 1024K, 4 young (4096K), 4 survivors (4096K)
 Metaspace       used 24141K, committed 24384K, reserved 1114112K
  class space    used 2339K, committed 2496K, reserved 1048576K
}
Event: 13.775 GC heap before
{Heap before GC invocations=18 (full 0):
 garbage-first heap   total 121856K, used 108032K [0x0000000080000000, 0x0000000100000000)
  region size 1024K, 24 young (24576K), 4 survivors (4096K)
 Metaspace       used 24170K, committed 24448K, reserved 1114112K
  class space    used 2339K, committed 2496K, reserved 1048576K
}
Event: 13.809 GC heap after
{Heap after GC invocations=19 (full 0):
 garbage-first heap   total 365568K, used 91648K [0x0000000080000000, 0x0000000100000000)
  region size 1024K, 3 young (3072K), 3 survivors (3072K)
 Metaspace       used 24170K, committed 24448K, reserved 1114112K
  class space    used 2339K, committed 2496K, reserved 1048576K
}
Event: 15.010 GC heap before
{Heap before GC invocations=20 (full 0):
 garbage-first heap   total 301056K, used 246272K [0x0000000080000000, 0x0000000100000000)
  region size 1024K, 156 young (159744K), 3 survivors (3072K)
 Metaspace       used 24181K, committed 24448K, reserved 1114112K
  class space    used 2340K, committed 2496K, reserved 1048576K
}
Event: 15.052 GC heap after
{Heap after GC invocations=21 (full 0):
 garbage-first heap   total 301056K, used 112429K [0x0000000080000000, 0x0000000100000000)
  region size 1024K, 20 young (20480K), 20 survivors (20480K)
 Metaspace       used 24181K, committed 24448K, reserved 1114112K
  class space    used 2340K, committed 2496K, reserved 1048576K
}
Event: 15.794 GC heap before
{Heap before GC invocations=21 (full 0):
 garbage-first heap   total 301056K, used 228141K [0x0000000080000000, 0x0000000100000000)
  region size 1024K, 133 young (136192K), 20 survivors (20480K)
 Metaspace       used 24209K, committed 24512K, reserved 1114112K
  class space    used 2340K, committed 2496K, reserved 1048576K
}

